<?xml version="1.0" encoding="UTF-8"?>
<!-- Generated by org.testng.reporters.JUnitReportReporter -->
<testsuite hostname="IN-DCY1GK3" failures="0" tests="106" name="com.dms.runner.TestRunner" time="10597.644" errors="3" timestamp="2023-12-06T23:49:56 IST" skipped="0">
  <testcase classname="com.dms.runner.TestRunner" name="runScenario" time="109.966"/>
  <system-out/>
  <testcase classname="com.dms.runner.TestRunner" name="runScenario" time="120.413"/>
  <system-out/>
  <testcase classname="com.dms.runner.TestRunner" name="runScenario" time="19.050"/>
  <system-out/>
  <testcase classname="com.dms.runner.TestRunner" name="runScenario" time="71.226"/>
  <system-out/>
  <testcase classname="com.dms.runner.TestRunner" name="runScenario" time="106.978"/>
  <system-out/>
  <testcase classname="com.dms.runner.TestRunner" name="runScenario" time="111.496"/>
  <system-out/>
  <testcase classname="com.dms.runner.TestRunner" name="runScenario" time="119.324"/>
  <system-out/>
  <testcase classname="com.dms.runner.TestRunner" name="runScenario" time="124.488"/>
  <system-out/>
  <testcase classname="com.dms.runner.TestRunner" name="runScenario" time="92.733"/>
  <system-out/>
  <testcase classname="com.dms.runner.TestRunner" name="runScenario" time="121.196"/>
  <system-out/>
  <testcase classname="com.dms.runner.TestRunner" name="runScenario" time="120.051"/>
  <system-out/>
  <testcase classname="com.dms.runner.TestRunner" name="runScenario" time="84.314"/>
  <system-out/>
  <testcase classname="com.dms.runner.TestRunner" name="runScenario" time="110.589"/>
  <system-out/>
  <testcase classname="com.dms.runner.TestRunner" name="runScenario" time="107.492"/>
  <system-out/>
  <testcase classname="com.dms.runner.TestRunner" name="runScenario" time="91.596"/>
  <system-out/>
  <testcase classname="com.dms.runner.TestRunner" name="runScenario" time="119.268"/>
  <system-out/>
  <testcase classname="com.dms.runner.TestRunner" name="runScenario" time="18.973"/>
  <system-out/>
  <testcase classname="com.dms.runner.TestRunner" name="runScenario" time="116.764"/>
  <system-out/>
  <testcase classname="com.dms.runner.TestRunner" name="runScenario" time="83.265"/>
  <system-out/>
  <testcase classname="com.dms.runner.TestRunner" name="runScenario" time="91.670"/>
  <system-out/>
  <testcase classname="com.dms.runner.TestRunner" name="runScenario" time="92.491"/>
  <system-out/>
  <testcase classname="com.dms.runner.TestRunner" name="runScenario" time="102.901"/>
  <system-out/>
  <testcase classname="com.dms.runner.TestRunner" name="runScenario" time="120.082"/>
  <system-out/>
  <testcase classname="com.dms.runner.TestRunner" name="runScenario" time="111.558"/>
  <system-out/>
  <testcase classname="com.dms.runner.TestRunner" name="runScenario" time="106.611"/>
  <system-out/>
  <testcase classname="com.dms.runner.TestRunner" name="runScenario" time="38.537"/>
  <system-out/>
  <testcase classname="com.dms.runner.TestRunner" name="runScenario" time="110.570"/>
  <system-out/>
  <testcase classname="com.dms.runner.TestRunner" name="runScenario" time="103.280"/>
  <system-out/>
  <testcase classname="com.dms.runner.TestRunner" name="runScenario" time="119.415"/>
  <system-out/>
  <testcase classname="com.dms.runner.TestRunner" name="runScenario" time="23.084"/>
  <system-out/>
  <testcase classname="com.dms.runner.TestRunner" name="runScenario" time="111.317"/>
  <system-out/>
  <testcase classname="com.dms.runner.TestRunner" name="runScenario" time="111.604"/>
  <system-out/>
  <testcase classname="com.dms.runner.TestRunner" name="runScenario" time="111.923"/>
  <system-out/>
  <testcase classname="com.dms.runner.TestRunner" name="runScenario" time="121.493"/>
  <system-out/>
  <testcase classname="com.dms.runner.TestRunner" name="runScenario" time="91.988"/>
  <system-out/>
  <testcase classname="com.dms.runner.TestRunner" name="runScenario" time="111.717"/>
  <system-out/>
  <testcase classname="com.dms.runner.TestRunner" name="runScenario" time="117.192"/>
  <system-out/>
  <testcase classname="com.dms.runner.TestRunner" name="runScenario" time="92.963"/>
  <system-out/>
  <testcase classname="com.dms.runner.TestRunner" name="tearDownClass" time="0.940">
    <error message="Failed making field &#039;java.lang.Throwable#detailMessage&#039; accessible; either increase its visibility or write a custom TypeAdapter for its declaring type." type="com.google.gson.JsonIOException">
      <![CDATA[com.google.gson.JsonIOException: Failed making field 'java.lang.Throwable#detailMessage' accessible; either increase its visibility or write a custom TypeAdapter for its declaring type.
at com.google.gson.internal.reflect.ReflectionHelper.makeAccessible(ReflectionHelper.java:38)
at com.google.gson.internal.bind.ReflectiveTypeAdapterFactory.getBoundFields(ReflectiveTypeAdapterFactory.java:286)
at com.google.gson.internal.bind.ReflectiveTypeAdapterFactory.create(ReflectiveTypeAdapterFactory.java:130)
at com.google.gson.Gson.getAdapter(Gson.java:556)
at com.google.gson.internal.bind.ReflectiveTypeAdapterFactory.createBoundField(ReflectiveTypeAdapterFactory.java:160)
at com.google.gson.internal.bind.ReflectiveTypeAdapterFactory.getBoundFields(ReflectiveTypeAdapterFactory.java:294)
at com.google.gson.internal.bind.ReflectiveTypeAdapterFactory.create(ReflectiveTypeAdapterFactory.java:130)
at com.google.gson.Gson.getAdapter(Gson.java:556)
at com.google.gson.internal.bind.ReflectiveTypeAdapterFactory.createBoundField(ReflectiveTypeAdapterFactory.java:160)
at com.google.gson.internal.bind.ReflectiveTypeAdapterFactory.getBoundFields(ReflectiveTypeAdapterFactory.java:294)
at com.google.gson.internal.bind.ReflectiveTypeAdapterFactory.create(ReflectiveTypeAdapterFactory.java:130)
at com.google.gson.Gson.getAdapter(Gson.java:556)
at com.google.gson.internal.bind.CollectionTypeAdapterFactory.create(CollectionTypeAdapterFactory.java:53)
at com.google.gson.Gson.getAdapter(Gson.java:556)
at com.google.gson.internal.bind.ReflectiveTypeAdapterFactory.createBoundField(ReflectiveTypeAdapterFactory.java:160)
at com.google.gson.internal.bind.ReflectiveTypeAdapterFactory.getBoundFields(ReflectiveTypeAdapterFactory.java:294)
at com.google.gson.internal.bind.ReflectiveTypeAdapterFactory.create(ReflectiveTypeAdapterFactory.java:130)
at com.google.gson.Gson.getAdapter(Gson.java:556)
at com.google.gson.internal.bind.TypeAdapterRuntimeTypeWrapper.write(TypeAdapterRuntimeTypeWrapper.java:55)
at com.google.gson.internal.bind.CollectionTypeAdapterFactory$Adapter.write(CollectionTypeAdapterFactory.java:97)
at com.google.gson.internal.bind.CollectionTypeAdapterFactory$Adapter.write(CollectionTypeAdapterFactory.java:61)
at com.google.gson.Gson.toJson(Gson.java:842)
at com.google.gson.Gson.toJson(Gson.java:812)
at com.google.gson.Gson.toJson(Gson.java:783)
at com.aventstack.extentreports.reporter.JsonFormatter.flush(JsonFormatter.java:57)
at com.aventstack.extentreports.reporter.JsonFormatter.access$000(JsonFormatter.java:17)
at com.aventstack.extentreports.reporter.JsonFormatter$1.onNext(JsonFormatter.java:37)
at com.aventstack.extentreports.reporter.JsonFormatter$1.onNext(JsonFormatter.java:30)
at io.reactivex.rxjava3.subjects.PublishSubject$PublishDisposable.onNext(PublishSubject.java:310)
at io.reactivex.rxjava3.subjects.PublishSubject.onNext(PublishSubject.java:226)
at com.aventstack.extentreports.ReactiveSubject.onFlush(ReactiveSubject.java:83)
at com.aventstack.extentreports.AbstractProcessor.onFlush(AbstractProcessor.java:85)
at com.aventstack.extentreports.ExtentReports.flush(ExtentReports.java:279)
at com.aventstack.extentreports.cucumber.adapter.ExtentCucumberAdapter.finishReport(ExtentCucumberAdapter.java:301)
at com.aventstack.extentreports.cucumber.adapter.ExtentCucumberAdapter.access$600(ExtentCucumberAdapter.java:63)
at com.aventstack.extentreports.cucumber.adapter.ExtentCucumberAdapter$8.receive(ExtentCucumberAdapter.java:137)
at com.aventstack.extentreports.cucumber.adapter.ExtentCucumberAdapter$8.receive(ExtentCucumberAdapter.java:134)
at io.cucumber.core.eventbus.AbstractEventPublisher.send(AbstractEventPublisher.java:51)
at io.cucumber.core.eventbus.AbstractEventBus.send(AbstractEventBus.java:12)
at io.cucumber.core.runtime.SynchronizedEventBus.send(SynchronizedEventBus.java:47)
at io.cucumber.core.runtime.CucumberExecutionContext.emitTestRunFinished(CucumberExecutionContext.java:111)
at io.cucumber.core.runtime.CucumberExecutionContext.finishTestRun(CucumberExecutionContext.java:98)
at io.cucumber.testng.TestNGCucumberRunner.finish(TestNGCucumberRunner.java:145)
at io.cucumber.testng.AbstractTestNGCucumberTests.tearDownClass(AbstractTestNGCucumberTests.java:57)
at java.base/jdk.internal.reflect.NativeMethodAccessorImpl.invoke0(Native Method)
at java.base/jdk.internal.reflect.NativeMethodAccessorImpl.invoke(NativeMethodAccessorImpl.java:77)
at java.base/jdk.internal.reflect.DelegatingMethodAccessorImpl.invoke(DelegatingMethodAccessorImpl.java:43)
at java.base/java.lang.reflect.Method.invoke(Method.java:568)
at org.testng.internal.invokers.MethodInvocationHelper.invokeMethod(MethodInvocationHelper.java:135)
at org.testng.internal.invokers.MethodInvocationHelper.invokeMethodConsideringTimeout(MethodInvocationHelper.java:65)
at org.testng.internal.invokers.ConfigInvoker.invokeConfigurationMethod(ConfigInvoker.java:381)
at org.testng.internal.invokers.ConfigInvoker.invokeConfigurations(ConfigInvoker.java:319)
at org.testng.internal.invokers.TestMethodWorker.invokeAfterClassMethods(TestMethodWorker.java:220)
at org.testng.internal.invokers.TestMethodWorker.run(TestMethodWorker.java:130)
at java.base/java.util.ArrayList.forEach(ArrayList.java:1511)
at org.testng.TestRunner.privateRun(TestRunner.java:808)
at org.testng.TestRunner.run(TestRunner.java:603)
at org.testng.SuiteRunner.runTest(SuiteRunner.java:429)
at org.testng.SuiteRunner.runSequentially(SuiteRunner.java:423)
at org.testng.SuiteRunner.privateRun(SuiteRunner.java:383)
at org.testng.SuiteRunner.run(SuiteRunner.java:326)
at org.testng.SuiteRunnerWorker.runSuite(SuiteRunnerWorker.java:52)
at org.testng.SuiteRunnerWorker.run(SuiteRunnerWorker.java:95)
at org.testng.TestNG.runSuitesSequentially(TestNG.java:1249)
at org.testng.TestNG.runSuitesLocally(TestNG.java:1169)
at org.testng.TestNG.runSuites(TestNG.java:1092)
at org.testng.TestNG.run(TestNG.java:1060)
at org.testng.remote.AbstractRemoteTestNG.run(AbstractRemoteTestNG.java:115)
at org.testng.remote.RemoteTestNG.initAndRun(RemoteTestNG.java:251)
at org.testng.remote.RemoteTestNG.main(RemoteTestNG.java:77)
Caused by: java.lang.reflect.InaccessibleObjectException: Unable to make field private java.lang.String java.lang.Throwable.detailMessage accessible: module java.base does not "opens java.lang" to unnamed module @51016012
at java.base/java.lang.reflect.AccessibleObject.checkCanSetAccessible(AccessibleObject.java:354)
at java.base/java.lang.reflect.AccessibleObject.checkCanSetAccessible(AccessibleObject.java:297)
at java.base/java.lang.reflect.Field.checkCanSetAccessible(Field.java:178)
at java.base/java.lang.reflect.Field.setAccessible(Field.java:172)
at com.google.gson.internal.reflect.ReflectionHelper.makeAccessible(ReflectionHelper.java:35)
... 69 more
]]>
    </error>
  </testcase> <!-- tearDownClass -->
  <system-out/>
  <testcase classname="com.dms.runner.TestRunner" name="runScenario" time="117.039"/>
  <system-out/>
  <testcase classname="com.dms.runner.TestRunner" name="runScenario" time="102.313"/>
  <system-out/>
  <testcase classname="com.dms.runner.TestRunner" name="runScenario" time="100.776"/>
  <system-out/>
  <testcase classname="com.dms.runner.TestRunner" name="runScenario" time="112.132"/>
  <system-out/>
  <testcase classname="com.dms.runner.TestRunner" name="runScenario" time="16.849"/>
  <system-out/>
  <testcase classname="com.dms.runner.TestRunner" name="runScenario" time="103.679"/>
  <system-out/>
  <testcase classname="com.dms.runner.TestRunner" name="runScenario" time="91.745"/>
  <system-out/>
  <testcase classname="com.dms.runner.TestRunner" name="runScenario" time="109.906"/>
  <system-out/>
  <testcase classname="com.dms.runner.TestRunner" name="runScenario" time="116.836"/>
  <system-out/>
  <testcase classname="com.dms.runner.TestRunner" name="runScenario" time="86.909"/>
  <system-out/>
  <testcase classname="com.dms.runner.TestRunner" name="runScenario" time="122.509"/>
  <system-out/>
  <testcase classname="com.dms.runner.TestRunner" name="runScenario" time="106.006"/>
  <system-out/>
  <testcase classname="com.dms.runner.TestRunner" name="runScenario" time="116.068"/>
  <system-out/>
  <testcase classname="com.dms.runner.TestRunner" name="runScenario" time="107.033"/>
  <system-out/>
  <testcase classname="com.dms.runner.TestRunner" name="runScenario" time="92.545"/>
  <system-out/>
  <testcase classname="com.dms.runner.TestRunner" name="runScenario" time="108.705"/>
  <system-out/>
  <testcase classname="com.dms.runner.TestRunner" name="runScenario" time="91.507"/>
  <system-out/>
  <testcase classname="com.dms.runner.TestRunner" name="runScenario" time="84.704"/>
  <system-out/>
  <testcase classname="com.dms.runner.TestRunner" name="runScenario" time="116.409"/>
  <system-out/>
  <testcase classname="com.dms.runner.TestRunner" name="runScenario" time="113.776"/>
  <system-out/>
  <testcase classname="com.dms.runner.TestRunner" name="runScenario" time="115.965"/>
  <system-out/>
  <testcase classname="com.dms.runner.TestRunner" name="runScenario" time="80.150"/>
  <system-out/>
  <testcase classname="com.dms.runner.TestRunner" name="runScenario" time="91.445"/>
  <system-out/>
  <testcase classname="com.dms.runner.TestRunner" name="runScenario" time="114.224"/>
  <system-out/>
  <testcase classname="com.dms.runner.TestRunner" name="runScenario" time="120.195"/>
  <system-out/>
  <testcase classname="com.dms.runner.TestRunner" name="runScenario" time="89.738"/>
  <system-out/>
  <testcase classname="com.dms.runner.TestRunner" name="runScenario" time="109.634"/>
  <system-out/>
  <testcase classname="com.dms.runner.TestRunner" name="runScenario" time="114.516"/>
  <system-out/>
  <testcase classname="com.dms.runner.TestRunner" name="runScenario" time="22.300"/>
  <system-out/>
  <testcase classname="com.dms.runner.TestRunner" name="runScenario" time="113.129"/>
  <system-out/>
  <testcase classname="com.dms.runner.TestRunner" name="runScenario" time="137.790">
    <error message="no such element: Unable to locate element: {&quot;method&quot;:&quot;xpath&quot;,&quot;selector&quot;:&quot;//mat-option//span[text()=&#039;Cash&#039;]&quot;}
  (Session info: chrome=119.0.6045.200)
For documentation on this error, please visit: https://selenium.dev/exceptions/#no_such_element
Build info: version: &#039;4.8.1&#039;, revision: &#039;8ebccac989&#039;
System info: os.name: &#039;Windows 11&#039;, os.arch: &#039;amd64&#039;, os.version: &#039;10.0&#039;, java.version: &#039;17.0.7&#039;
Driver info: org.openqa.selenium.chrome.ChromeDriver
Command: [6633bcb959f62259b7ec34bf00d1499a, findElement {using=xpath, value=//mat-option//span[text()=&#039;Cash&#039;]}]
Capabilities {acceptInsecureCerts: false, browserName: chrome, browserVersion: 119.0.6045.200, chrome: {chromedriverVersion: 119.0.6045.105 (38c72552c5e..., userDataDir: C:\WINDOWS\SystemTemp\scope...}, fedcm:accounts: true, goog:chromeOptions: {debuggerAddress: localhost:59907}, networkConnectionEnabled: false, pageLoadStrategy: normal, platformName: WINDOWS, proxy: Proxy(), se:cdp: ws://localhost:59907/devtoo..., se:cdpVersion: 119.0.6045.200, setWindowRect: true, strictFileInteractability: false, timeouts: {implicit: 0, pageLoad: 300000, script: 30000}, unhandledPromptBehavior: dismiss and notify, webauthn:extension:credBlob: true, webauthn:extension:largeBlob: true, webauthn:extension:minPinLength: true, webauthn:extension:prf: true, webauthn:virtualAuthenticators: true}
Session ID: 6633bcb959f62259b7ec34bf00d1499a" type="org.openqa.selenium.NoSuchElementException">
      <![CDATA[org.openqa.selenium.NoSuchElementException: no such element: Unable to locate element: {"method":"xpath","selector":"//mat-option//span[text()='Cash']"}
  (Session info: chrome=119.0.6045.200)
For documentation on this error, please visit: https://selenium.dev/exceptions/#no_such_element
Build info: version: '4.8.1', revision: '8ebccac989'
System info: os.name: 'Windows 11', os.arch: 'amd64', os.version: '10.0', java.version: '17.0.7'
Driver info: org.openqa.selenium.chrome.ChromeDriver
Command: [6633bcb959f62259b7ec34bf00d1499a, findElement {using=xpath, value=//mat-option//span[text()='Cash']}]
Capabilities {acceptInsecureCerts: false, browserName: chrome, browserVersion: 119.0.6045.200, chrome: {chromedriverVersion: 119.0.6045.105 (38c72552c5e..., userDataDir: C:\WINDOWS\SystemTemp\scope...}, fedcm:accounts: true, goog:chromeOptions: {debuggerAddress: localhost:59907}, networkConnectionEnabled: false, pageLoadStrategy: normal, platformName: WINDOWS, proxy: Proxy(), se:cdp: ws://localhost:59907/devtoo..., se:cdpVersion: 119.0.6045.200, setWindowRect: true, strictFileInteractability: false, timeouts: {implicit: 0, pageLoad: 300000, script: 30000}, unhandledPromptBehavior: dismiss and notify, webauthn:extension:credBlob: true, webauthn:extension:largeBlob: true, webauthn:extension:minPinLength: true, webauthn:extension:prf: true, webauthn:virtualAuthenticators: true}
Session ID: 6633bcb959f62259b7ec34bf00d1499a
at java.base/jdk.internal.reflect.NativeConstructorAccessorImpl.newInstance0(Native Method)
at java.base/jdk.internal.reflect.NativeConstructorAccessorImpl.newInstance(NativeConstructorAccessorImpl.java:77)
at java.base/jdk.internal.reflect.DelegatingConstructorAccessorImpl.newInstance(DelegatingConstructorAccessorImpl.java:45)
at java.base/java.lang.reflect.Constructor.newInstanceWithCaller(Constructor.java:499)
at java.base/java.lang.reflect.Constructor.newInstance(Constructor.java:480)
at org.openqa.selenium.remote.codec.w3c.W3CHttpResponseCodec.createException(W3CHttpResponseCodec.java:200)
at org.openqa.selenium.remote.codec.w3c.W3CHttpResponseCodec.decode(W3CHttpResponseCodec.java:133)
at org.openqa.selenium.remote.codec.w3c.W3CHttpResponseCodec.decode(W3CHttpResponseCodec.java:53)
at org.openqa.selenium.remote.HttpCommandExecutor.execute(HttpCommandExecutor.java:184)
at org.openqa.selenium.remote.service.DriverCommandExecutor.invokeExecute(DriverCommandExecutor.java:167)
at org.openqa.selenium.remote.service.DriverCommandExecutor.execute(DriverCommandExecutor.java:142)
at org.openqa.selenium.remote.RemoteWebDriver.execute(RemoteWebDriver.java:543)
at org.openqa.selenium.remote.ElementLocation$ElementFinder$2.findElement(ElementLocation.java:162)
at org.openqa.selenium.remote.ElementLocation.findElement(ElementLocation.java:60)
at org.openqa.selenium.remote.RemoteWebDriver.findElement(RemoteWebDriver.java:352)
at org.openqa.selenium.remote.RemoteWebDriver.findElement(RemoteWebDriver.java:344)
at com.dms.utils.PageUtil.findBy(PageUtil.java:16)
at com.dms.pageobjects.AddInvoice_FinancialInfo.choosePaymentTypeDropdown(AddInvoice_FinancialInfo.java:38)
at com.dms.stepdefinitions.FinancialInfoStepDef.User_selects_payment_type_as(FinancialInfoStepDef.java:108)
at ✽.User selects payment type as "Cash"(file:///C:/Users/tanugupta02/git/dms_Invoice_UIAutomation/src/test/java/com/dms/featurefiles/BusinessScenarios.feature:3309)
]]>
    </error>
  </testcase> <!-- runScenario -->
  <system-out/>
  <testcase classname="com.dms.runner.TestRunner" name="runScenario" time="111.715"/>
  <system-out/>
  <testcase classname="com.dms.runner.TestRunner" name="runScenario" time="117.448"/>
  <system-out/>
  <testcase classname="com.dms.runner.TestRunner" name="runScenario" time="91.343"/>
  <system-out/>
  <testcase classname="com.dms.runner.TestRunner" name="runScenario" time="118.795"/>
  <system-out/>
  <testcase classname="com.dms.runner.TestRunner" name="runScenario" time="120.744"/>
  <system-out/>
  <testcase classname="com.dms.runner.TestRunner" name="runScenario" time="96.426">
    <error message="no such element: Unable to locate element: {&quot;method&quot;:&quot;xpath&quot;,&quot;selector&quot;:&quot;//mat-option//span[text()=&#039;Yes&#039;]&quot;}
  (Session info: chrome=119.0.6045.200)
For documentation on this error, please visit: https://selenium.dev/exceptions/#no_such_element
Build info: version: &#039;4.8.1&#039;, revision: &#039;8ebccac989&#039;
System info: os.name: &#039;Windows 11&#039;, os.arch: &#039;amd64&#039;, os.version: &#039;10.0&#039;, java.version: &#039;17.0.7&#039;
Driver info: org.openqa.selenium.chrome.ChromeDriver
Command: [d6e7e510a866ebdc21ec0ecf5a3f3b44, findElement {using=xpath, value=//mat-option//span[text()=&#039;Yes&#039;]}]
Capabilities {acceptInsecureCerts: false, browserName: chrome, browserVersion: 119.0.6045.200, chrome: {chromedriverVersion: 119.0.6045.105 (38c72552c5e..., userDataDir: C:\WINDOWS\SystemTemp\scope...}, fedcm:accounts: true, goog:chromeOptions: {debuggerAddress: localhost:58068}, networkConnectionEnabled: false, pageLoadStrategy: normal, platformName: WINDOWS, proxy: Proxy(), se:cdp: ws://localhost:58068/devtoo..., se:cdpVersion: 119.0.6045.200, setWindowRect: true, strictFileInteractability: false, timeouts: {implicit: 0, pageLoad: 300000, script: 30000}, unhandledPromptBehavior: dismiss and notify, webauthn:extension:credBlob: true, webauthn:extension:largeBlob: true, webauthn:extension:minPinLength: true, webauthn:extension:prf: true, webauthn:virtualAuthenticators: true}
Session ID: d6e7e510a866ebdc21ec0ecf5a3f3b44" type="org.openqa.selenium.NoSuchElementException">
      <![CDATA[org.openqa.selenium.NoSuchElementException: no such element: Unable to locate element: {"method":"xpath","selector":"//mat-option//span[text()='Yes']"}
  (Session info: chrome=119.0.6045.200)
For documentation on this error, please visit: https://selenium.dev/exceptions/#no_such_element
Build info: version: '4.8.1', revision: '8ebccac989'
System info: os.name: 'Windows 11', os.arch: 'amd64', os.version: '10.0', java.version: '17.0.7'
Driver info: org.openqa.selenium.chrome.ChromeDriver
Command: [d6e7e510a866ebdc21ec0ecf5a3f3b44, findElement {using=xpath, value=//mat-option//span[text()='Yes']}]
Capabilities {acceptInsecureCerts: false, browserName: chrome, browserVersion: 119.0.6045.200, chrome: {chromedriverVersion: 119.0.6045.105 (38c72552c5e..., userDataDir: C:\WINDOWS\SystemTemp\scope...}, fedcm:accounts: true, goog:chromeOptions: {debuggerAddress: localhost:58068}, networkConnectionEnabled: false, pageLoadStrategy: normal, platformName: WINDOWS, proxy: Proxy(), se:cdp: ws://localhost:58068/devtoo..., se:cdpVersion: 119.0.6045.200, setWindowRect: true, strictFileInteractability: false, timeouts: {implicit: 0, pageLoad: 300000, script: 30000}, unhandledPromptBehavior: dismiss and notify, webauthn:extension:credBlob: true, webauthn:extension:largeBlob: true, webauthn:extension:minPinLength: true, webauthn:extension:prf: true, webauthn:virtualAuthenticators: true}
Session ID: d6e7e510a866ebdc21ec0ecf5a3f3b44
at java.base/jdk.internal.reflect.NativeConstructorAccessorImpl.newInstance0(Native Method)
at java.base/jdk.internal.reflect.NativeConstructorAccessorImpl.newInstance(NativeConstructorAccessorImpl.java:77)
at java.base/jdk.internal.reflect.DelegatingConstructorAccessorImpl.newInstance(DelegatingConstructorAccessorImpl.java:45)
at java.base/java.lang.reflect.Constructor.newInstanceWithCaller(Constructor.java:499)
at java.base/java.lang.reflect.Constructor.newInstance(Constructor.java:480)
at org.openqa.selenium.remote.codec.w3c.W3CHttpResponseCodec.createException(W3CHttpResponseCodec.java:200)
at org.openqa.selenium.remote.codec.w3c.W3CHttpResponseCodec.decode(W3CHttpResponseCodec.java:133)
at org.openqa.selenium.remote.codec.w3c.W3CHttpResponseCodec.decode(W3CHttpResponseCodec.java:53)
at org.openqa.selenium.remote.HttpCommandExecutor.execute(HttpCommandExecutor.java:184)
at org.openqa.selenium.remote.service.DriverCommandExecutor.invokeExecute(DriverCommandExecutor.java:167)
at org.openqa.selenium.remote.service.DriverCommandExecutor.execute(DriverCommandExecutor.java:142)
at org.openqa.selenium.remote.RemoteWebDriver.execute(RemoteWebDriver.java:543)
at org.openqa.selenium.remote.ElementLocation$ElementFinder$2.findElement(ElementLocation.java:162)
at org.openqa.selenium.remote.ElementLocation.findElement(ElementLocation.java:60)
at org.openqa.selenium.remote.RemoteWebDriver.findElement(RemoteWebDriver.java:352)
at org.openqa.selenium.remote.RemoteWebDriver.findElement(RemoteWebDriver.java:344)
at com.dms.utils.PageUtil.findBy(PageUtil.java:16)
at com.dms.pageobjects.AddInvoice_InvoiceDetailsPOM.options(AddInvoice_InvoiceDetailsPOM.java:186)
at com.dms.stepdefinitions.AddInvoiceStepDef.if_user_selects_b2b_customer_as(AddInvoiceStepDef.java:231)
at ✽.if user selects B2B Customer as "Yes"(file:///C:/Users/tanugupta02/git/dms_Invoice_UIAutomation/src/test/java/com/dms/featurefiles/BusinessScenarios.feature:1826)
]]>
    </error>
  </testcase> <!-- runScenario -->
  <system-out/>
  <testcase classname="com.dms.runner.TestRunner" name="runScenario" time="117.304"/>
  <system-out/>
  <testcase classname="com.dms.runner.TestRunner" name="runScenario" time="117.217"/>
  <system-out/>
  <testcase classname="com.dms.runner.TestRunner" name="runScenario" time="86.302"/>
  <system-out/>
  <testcase classname="com.dms.runner.TestRunner" name="runScenario" time="107.556"/>
  <system-out/>
  <testcase classname="com.dms.runner.TestRunner" name="runScenario" time="86.583"/>
  <system-out/>
  <testcase classname="com.dms.runner.TestRunner" name="runScenario" time="117.261"/>
  <system-out/>
  <testcase classname="com.dms.runner.TestRunner" name="runScenario" time="96.117"/>
  <system-out/>
  <testcase classname="com.dms.runner.TestRunner" name="runScenario" time="88.116"/>
  <system-out/>
  <testcase classname="com.dms.runner.TestRunner" name="runScenario" time="106.379"/>
  <system-out/>
  <testcase classname="com.dms.runner.TestRunner" name="runScenario" time="107.608"/>
  <system-out/>
  <testcase classname="com.dms.runner.TestRunner" name="runScenario" time="108.169"/>
  <system-out/>
  <testcase classname="com.dms.runner.TestRunner" name="runScenario" time="131.159"/>
  <system-out/>
  <testcase classname="com.dms.runner.TestRunner" name="runScenario" time="102.487"/>
  <system-out/>
  <testcase classname="com.dms.runner.TestRunner" name="runScenario" time="119.951"/>
  <system-out/>
  <testcase classname="com.dms.runner.TestRunner" name="runScenario" time="112.201"/>
  <system-out/>
  <testcase classname="com.dms.runner.TestRunner" name="runScenario" time="91.782"/>
  <system-out/>
  <testcase classname="com.dms.runner.TestRunner" name="runScenario" time="23.058"/>
  <system-out/>
  <testcase classname="com.dms.runner.TestRunner" name="runScenario" time="71.306"/>
  <system-out/>
  <testcase classname="com.dms.runner.TestRunner" name="runScenario" time="116.346"/>
  <system-out/>
  <testcase classname="com.dms.runner.TestRunner" name="runScenario" time="87.085"/>
  <system-out/>
  <testcase classname="com.dms.runner.TestRunner" name="runScenario" time="119.299"/>
  <system-out/>
  <testcase classname="com.dms.runner.TestRunner" name="runScenario" time="79.397"/>
  <system-out/>
  <testcase classname="com.dms.runner.TestRunner" name="runScenario" time="106.846"/>
  <system-out/>
  <testcase classname="com.dms.runner.TestRunner" name="runScenario" time="122.315"/>
  <system-out/>
  <testcase classname="com.dms.runner.TestRunner" name="runScenario" time="119.991"/>
  <system-out/>
  <testcase classname="com.dms.runner.TestRunner" name="runScenario" time="121.073"/>
  <system-out/>
  <testcase classname="com.dms.runner.TestRunner" name="runScenario" time="120.190"/>
  <system-out/>
  <testcase classname="com.dms.runner.TestRunner" name="runScenario" time="87.248"/>
  <system-out/>
  <testcase classname="com.dms.runner.TestRunner" name="runScenario" time="110.243"/>
  <system-out/>
  <testcase classname="com.dms.runner.TestRunner" name="runScenario" time="93.534"/>
  <system-out/>
</testsuite> <!-- com.dms.runner.TestRunner -->
