<?xml version="1.0" encoding="UTF-8"?>
<!-- Generated by org.testng.reporters.JUnitReportReporter -->
<testsuite hostname="nehalmalde" failures="0" tests="7" name="com.dms.runner.TestRunner" time="0.406" errors="0" timestamp="2023-11-16T17:37:49 IST" skipped="0">
  <testcase classname="com.dms.runner.TestRunner" name="runScenario" time="0.032"/>
  <system-out/>
  <testcase classname="com.dms.runner.TestRunner" name="runScenario" time="0.021"/>
  <system-out/>
  <testcase classname="com.dms.runner.TestRunner" name="runScenario" time="0.040"/>
  <system-out/>
  <testcase classname="com.dms.runner.TestRunner" name="runScenario" time="0.224"/>
  <system-out/>
  <testcase classname="com.dms.runner.TestRunner" name="runScenario" time="0.022"/>
  <system-out/>
  <testcase classname="com.dms.runner.TestRunner" name="runScenario" time="0.044"/>
  <system-out/>
  <testcase classname="com.dms.runner.TestRunner" name="runScenario" time="0.023"/>
  <system-out/>
</testsuite> <!-- com.dms.runner.TestRunner -->
